[01m[K/home/c2-05/ros_ws2/src/move_turtlesim/src/miniTest1.cpp:[m[K In function â€˜[01m[Kint main(int, char**)[m[Kâ€™:
[01m[K/home/c2-05/ros_ws2/src/move_turtlesim/src/miniTest1.cpp:231:9:[m[K [01;31m[Kerror: [m[Kâ€˜[01m[Ki[m[Kâ€™ was not declared in this scope
     for(i=0;i<30;i++){
[01;32m[K         ^[m[K
make[2]: *** [CMakeFiles/miniTest1.dir/src/miniTest1.cpp.o] Error 1
make[1]: *** [CMakeFiles/miniTest1.dir/all] Error 2
make: *** [all] Error 2
