[01m[K/home/c2-05/ros_ws2/src/move_turtlesim/src/miniTest1.cpp:[m[K In function â€˜[01m[Kvoid test2func()[m[Kâ€™:
[01m[K/home/c2-05/ros_ws2/src/move_turtlesim/src/miniTest1.cpp:203:19:[m[K [01;31m[Kerror: [m[Kâ€˜[01m[Kmeters[m[Kâ€™ was not declared in this scope
   for(int i=0;i<((meters*20)+1);i++){
[01;32m[K                   ^[m[K
make[2]: *** [CMakeFiles/miniTest1.dir/src/miniTest1.cpp.o] Error 1
make[1]: *** [CMakeFiles/miniTest1.dir/all] Error 2
make: *** [all] Error 2
