[35m[1mScanning dependencies of target miniTest2[0m
[  7%] [32mBuilding CXX object CMakeFiles/miniTest2.dir/src/miniTest2.cpp.o[0m
[ 21%] Built target move_circle
[ 35%] Built target make_box
[ 50%] Built target vacuum
[ 64%] Built target move_spiral
[ 78%] Built target miniTest1
[ 92%] Built target move_turtlesim
[01m[K/home/c2-05/ros_ws2/src/move_turtlesim/src/miniTest2.cpp:[m[K In function â€˜[01m[Kint main(int, char**)[m[Kâ€™:
[01m[K/home/c2-05/ros_ws2/src/move_turtlesim/src/miniTest2.cpp:171:16:[m[K [01;31m[Kerror: [m[Kâ€˜[01m[Kgetch[m[Kâ€™ was not declared in this scope
 } while (getch()=='e');
[01;32m[K                ^[m[K
CMakeFiles/miniTest2.dir/build.make:62: recipe for target 'CMakeFiles/miniTest2.dir/src/miniTest2.cpp.o' failed
make[2]: *** [CMakeFiles/miniTest2.dir/src/miniTest2.cpp.o] Error 1
CMakeFiles/Makefile2:200: recipe for target 'CMakeFiles/miniTest2.dir/all' failed
make[1]: *** [CMakeFiles/miniTest2.dir/all] Error 2
Makefile:138: recipe for target 'all' failed
make: *** [all] Error 2
