[01m[K/home/c2-05/ros_ws2/src/move_turtlesim/src/miniTest2.cpp:[m[K In function â€˜[01m[Kvoid rotation()[m[Kâ€™:
[01m[K/home/c2-05/ros_ws2/src/move_turtlesim/src/miniTest2.cpp:99:27:[m[K [01;31m[Kerror: [m[Kexpected â€˜[01m[K;[m[Kâ€™ before â€˜[01m[KvalueRad[m[Kâ€™
   cout <<"you selected: " valueRad <<"radians"<<endl;
[01;32m[K                           ^[m[K
[01m[K/home/c2-05/ros_ws2/src/move_turtlesim/src/miniTest2.cpp:[m[K In function â€˜[01m[Kint main(int, char**)[m[Kâ€™:
[01m[K/home/c2-05/ros_ws2/src/move_turtlesim/src/miniTest2.cpp:139:8:[m[K [01;31m[Kerror: [m[Kâ€˜[01m[Kfquit[m[Kâ€™ was not declared in this scope
 while(!fquit){
[01;32m[K        ^[m[K
[01m[K/home/c2-05/ros_ws2/src/move_turtlesim/src/miniTest2.cpp:169:15:[m[K [01;31m[Kerror: [m[Kâ€˜[01m[Kgetch[m[Kâ€™ was not declared in this scope
 }while (getch()=='e'
[01;32m[K               ^[m[K
[01m[K/home/c2-05/ros_ws2/src/move_turtlesim/src/miniTest2.cpp:171:3:[m[K [01;31m[Kerror: [m[Kexpected â€˜[01m[K)[m[Kâ€™ before â€˜[01m[Kros[m[Kâ€™
   ros::spin();
[01;32m[K   ^[m[K
make[2]: *** [CMakeFiles/miniTest2.dir/src/miniTest2.cpp.o] Error 1
make[1]: *** [CMakeFiles/miniTest2.dir/all] Error 2
make: *** [all] Error 2
