[35m[1mScanning dependencies of target miniTest2[0m
[  7%] [32mBuilding CXX object CMakeFiles/miniTest2.dir/src/miniTest2.cpp.o[0m
[ 21%] Built target move_circle
[ 35%] Built target make_box
[ 50%] Built target vacuum
[ 64%] Built target move_spiral
[ 78%] Built target miniTest1
[ 92%] Built target move_turtlesim
[01m[K/home/c2-05/ros_ws2/src/move_turtlesim/src/miniTest2.cpp:7:19:[m[K [01;31m[Kfatal error: [m[Kcomio.h: No such file or directory
compilation terminated.
CMakeFiles/miniTest2.dir/build.make:62: recipe for target 'CMakeFiles/miniTest2.dir/src/miniTest2.cpp.o' failed
make[2]: *** [CMakeFiles/miniTest2.dir/src/miniTest2.cpp.o] Error 1
CMakeFiles/Makefile2:200: recipe for target 'CMakeFiles/miniTest2.dir/all' failed
make[1]: *** [CMakeFiles/miniTest2.dir/all] Error 2
Makefile:138: recipe for target 'all' failed
make: *** [all] Error 2
