[01m[K/home/c2-05/ros_ws2/src/move_turtlesim/src/miniTest2.cpp:7:19:[m[K [01;31m[Kfatal error: [m[Kcomio.h: No such file or directory
compilation terminated.
make[2]: *** [CMakeFiles/miniTest2.dir/src/miniTest2.cpp.o] Error 1
make[1]: *** [CMakeFiles/miniTest2.dir/all] Error 2
make: *** [all] Error 2
