[01m[K/home/c2-05/ros_ws2/src/move_turtlesim/src/miniTest1.cpp:[m[K In function â€˜[01m[Kvoid test2func()[m[Kâ€™:
[01m[K/home/c2-05/ros_ws2/src/move_turtlesim/src/miniTest1.cpp:186:7:[m[K [01;31m[Kerror: [m[Kno match for â€˜[01m[Koperator<<[m[Kâ€™ (operand types are â€˜[01m[Kstd::istream {aka std::basic_istream<char>}[m[Kâ€™ and â€˜[01m[Kdouble[m[Kâ€™)
   cin << value << endl;
[01;32m[K       ^[m[K
In file included from [01m[K/opt/ros/kinetic/include/ros/node_handle.h:52:0[m[K,
                 from [01m[K/opt/ros/kinetic/include/ros/ros.h:45[m[K,
                 from [01m[K/home/c2-05/ros_ws2/src/move_turtlesim/src/miniTest1.cpp:1[m[K:
[01m[K/opt/ros/kinetic/include/xmlrpcpp/XmlRpcValue.h:192:15:[m[K [01;36m[Knote: [m[Kcandidate: std::ostream& operator<<(std::ostream&, const XmlRpc::XmlRpcValue&)
 std::ostream& operator<<(std::ostream& os, const XmlRpc::XmlRpcValue& v);
[01;32m[K               ^[m[K
[01m[K/opt/ros/kinetic/include/xmlrpcpp/XmlRpcValue.h:192:15:[m[K [01;36m[Knote: [m[K  no known conversion for argument 1 from â€˜[01m[Kstd::istream {aka std::basic_istream<char>}[m[Kâ€™ to â€˜[01m[Kstd::ostream& {aka std::basic_ostream<char>&}[m[Kâ€™
In file included from [01m[K/usr/include/boost/config/no_tr1/complex.hpp:21:0[m[K,
                 from [01m[K/usr/include/boost/math/policies/error_handling.hpp:15[m[K,
                 from [01m[K/usr/include/boost/math/special_functions/round.hpp:14[m[K,
                 from [01m[K/opt/ros/kinetic/include/ros/time.h:58[m[K,
                 from [01m[K/opt/ros/kinetic/include/ros/ros.h:38[m[K,
                 from [01m[K/home/c2-05/ros_ws2/src/move_turtlesim/src/miniTest1.cpp:1[m[K:
[01m[K/usr/include/c++/5/complex:526:5:[m[K [01;36m[Knote: [m[Kcandidate: template<class _Tp, class _CharT, class _Traits> std::basic_ostream<_CharT, _Traits>& std::operator<<(std::basic_ostream<_CharT, _Traits>&, const std::complex<_Tp>&)
     operator<<(basic_ostream<_CharT, _Traits>& __os, const complex<_Tp>& __x)
[01;32m[K     ^[m[K
[01m[K/usr/include/c++/5/complex:526:5:[m[K [01;36m[Knote: [m[K  template argument deduction/substitution failed:
[01m[K/home/c2-05/ros_ws2/src/move_turtlesim/src/miniTest1.cpp:186:10:[m[K [01;36m[Knote: [m[K  â€˜[01m[Kstd::istream {aka std::basic_istream<char>}[m[Kâ€™ is not derived from â€˜[01m[Kstd::basic_ostream<_CharT, _Traits>[m[Kâ€™
   cin << value << endl;
[01;32m[K          ^[m[K
In file included from [01m[K/usr/include/boost/math/policies/error_handling.hpp:12:0[m[K,
                 from [01m[K/usr/include/boost/math/special_functions/round.hpp:14[m[K,
                 from [01m[K/opt/ros/kinetic/include/ros/time.h:58[m[K,
                 from [01m[K/opt/ros/kinetic/include/ros/ros.h:38[m[K,
                 from [01m[K/home/c2-05/ros_ws2/src/move_turtlesim/src/miniTest1.cpp:1[m[K:
[01m[K/usr/include/c++/5/iomanip:238:5:[m[K [01;36m[Knote: [m[Kcandidate: template<class _CharT, class _Traits> std::basic_ostream<_CharT, _Traits>& std::operator<<(std::basic_ostream<_CharT, _Traits>&, std::_Setw)
     operator<<(basic_ostream<_CharT, _Traits>& __os, _Setw __f)
[01;32m[K     ^[m[K
[01m[K/usr/include/c++/5/iomanip:238:5:[m[K [01;36m[Knote: [m[K  template argument deduction/substitution failed:
[01m[K/home/c2-05/ros_ws2/src/move_turtlesim/src/miniTest1.cpp:186:10:[m[K [01;36m[Knote: [m[K  â€˜[01m[Kstd::istream {aka std::basic_istream<char>}[m[Kâ€™ is not derived from â€˜[01m[Kstd::basic_ostream<_CharT, _Traits>[m[Kâ€™
   cin << value << endl;
[01;32m[K          ^[m[K
In file included from [01m[K/usr/include/boost/math/policies/error_handling.hpp:12:0[m[K,
                 from [01m[K/usr/include/boost/math/special_functions/round.hpp:14[m[K,
                 from [01m[K/opt/ros/kinetic/include/ros/time.h:58[m[K,
                 from [01m[K/opt/ros/kinetic/include/ros/ros.h:38[m[K,
                 from [01m[K/home/c2-05/ros_ws2/src/move_turtlesim/src/miniTest1.cpp:1[m[K:
[01m[K/usr/include/c++/5/iomanip:208:5:[m[K [01;36m[Knote: [m[Kcandidate: template<class _CharT, class _Traits> std::basic_ostream<_CharT, _Traits>& std::operator<<(std::basic_ostream<_CharT, _Traits>&, std::_Setprecision)
     operator<<(basic_ostream<_CharT, _Traits>& __os, _Setprecision __f)
[01;32m[K     ^[m[K
[01m[K/usr/include/c++/5/iomanip:208:5:[m[K [01;36m[Knote: [m[K  template argument deduction/substitution failed:
[01m[K/home/c2-05/ros_ws2/src/move_turtlesim/src/miniTest1.cpp:186:10:[m[K [01;36m[Knote: [m[K  â€˜[01m[Kstd::istream {aka std::basic_istream<char>}[m[Kâ€™ is not derived from â€˜[01m[Kstd::basic_ostream<_CharT, _Traits>[m[Kâ€™
   cin << value << endl;
[01;32m[K          ^[m[K
In file included from [01m[K/usr/include/boost/math/policies/error_handling.hpp:12:0[m[K,
                 from [01m[K/usr/include/boost/math/special_functions/round.hpp:14[m[K,
                 from [01m[K/opt/ros/kinetic/include/ros/time.h:58[m[K,
                 from [01m[K/opt/ros/kinetic/include/ros/ros.h:38[m[K,
                 from [01m[K/home/c2-05/ros_ws2/src/move_turtlesim/src/miniTest1.cpp:1[m[K:
[01m[K/usr/include/c++/5/iomanip:178:5:[m[K [01;36m[Knote: [m[Kcandidate: template<class _CharT, class _Traits> std::basic_ostream<_CharT, _Traits>& std::operator<<(std::basic_ostream<_CharT, _Traits>&, std::_Setfill<_CharT>)
     operator<<(basic_ostream<_CharT, _Traits>& __os, _Setfill<_CharT> __f)
[01;32m[K     ^[m[K
[01m[K/usr/include/c++/5/iomanip:178:5:[m[K [01;36m[Knote: [m[K  template argument deduction/substitution failed:
[01m[K/home/c2-05/ros_ws2/src/move_turtlesim/src/miniTest1.cpp:186:10:[m[K [01;36m[Knote: [m[K  â€˜[01m[Kstd::istream {aka std::basic_istream<char>}[m[Kâ€™ is not derived from â€˜[01m[Kstd::basic_ostream<_CharT, _Traits>[m[Kâ€™
   cin << value << endl;
[01;32m[K          ^[m[K
In file included from [01m[K/usr/include/boost/math/policies/error_handling.hpp:12:0[m[K,
                 from [01m[K/usr/include/boost/math/special_functions/round.hpp:14[m[K,
                 from [01m[K/opt/ros/kinetic/include/ros/time.h:58[m[K,
                 from [01m[K/opt/ros/kinetic/include/ros/ros.h:38[m[K,
                 from [01m[K/home/c2-05/ros_ws2/src/move_turtlesim/src/miniTest1.cpp:1[m[K:
[01m[K/usr/include/c++/5/iomanip:143:5:[m[K [01;36m[Knote: [m[Kcandidate: template<class _CharT, class _Traits> std::basic_ostream<_CharT, _Traits>& std::operator<<(std::basic_ostream<_CharT, _Traits>&, std::_Setbase)
     operator<<(basic_ostream<_CharT, _Traits>& __os, _Setbase __f)
[01;32m[K     ^[m[K
[01m[K/usr/include/c++/5/iomanip:143:5:[m[K [01;36m[Knote: [m[K  template argument deduction/substitution failed:
[01m[K/home/c2-05/ros_ws2/src/move_turtlesim/src/miniTest1.cpp:186:10:[m[K [01;36m[Knote: [m[K  â€˜[01m[Kstd::istream {aka std::basic_istream<char>}[m[Kâ€™ is not derived from â€˜[01m[Kstd::basic_ostream<_CharT, _Traits>[m[Kâ€™
   cin << value << endl;
[01;32m[K          ^[m[K
In file included from [01m[K/usr/include/boost/math/policies/error_handling.hpp:12:0[m[K,
                 from [01m[K/usr/include/boost/math/special_functions/round.hpp:14[m[K,
                 from [01m[K/opt/ros/kinetic/include/ros/time.h:58[m[K,
                 from [01m[K/opt/ros/kinetic/include/ros/ros.h:38[m[K,
                 from [01m[K/home/c2-05/ros_ws2/src/move_turtlesim/src/miniTest1.cpp:1[m[K:
[01m[K/usr/include/c++/5/iomanip:109:5:[m[K [01;36m[Knote: [m[Kcandidate: template<class _CharT, class _Traits> std::basic_ostream<_CharT, _Traits>& std::operator<<(std::basic_ostream<_CharT, _Traits>&, std::_Setiosflags)
     operator<<(basic_ostream<_CharT, _Traits>& __os, _Setiosflags __f)
[01;32m[K     ^[m[K
[01m[K/usr/include/c++/5/iomanip:109:5:[m[K [01;36m[Knote: [m[K  template argument deduction/substitution failed:
[01m[K/home/c2-05/ros_ws2/src/move_turtlesim/src/miniTest1.cpp:186:10:[m[K [01;36m[Knote: [m[K  â€˜[01m[Kstd::istream {aka std::basic_istream<char>}[m[Kâ€™ is not derived from â€˜[01m[Kstd::basic_ostream<_CharT, _Traits>[m[Kâ€™
   cin << value << endl;
[01;32m[K          ^[m[K
In file included from [01m[K/usr/include/boost/math/policies/error_handling.hpp:12:0[m[K,
                 from [01m[K/usr/include/boost/math/special_functions/round.hpp:14[m[K,
                 from [01m[K/opt/ros/kinetic/include/ros/time.h:58[m[K,
                 from [01m[K/opt/ros/kinetic/include/ros/ros.h:38[m[K,
                 from [01m[K/home/c2-05/ros_ws2/src/move_turtlesim/src/miniTest1.cpp:1[m[K:
[01m[K/usr/include/c++/5/iomanip:79:5:[m[K [01;36m[Knote: [m[Kcandidate: template<class _CharT, class _Traits> std::basic_ostream<_CharT, _Traits>& std::operator<<(std::basic_ostream<_CharT, _Traits>&, std::_Resetiosflags)
     operator<<(basic_ostream<_CharT, _Traits>& __os, _Resetiosflags __f)
[01;32m[K     ^[m[K
[01m[K/usr/include/c++/5/iomanip:79:5:[m[K [01;36m[Knote: [m[K  template argument deduction/substitution failed:
[01m[K/home/c2-05/ros_ws2/src/move_turtlesim/src/miniTest1.cpp:186:10:[m[K [01;36m[Knote: [m[K  â€˜[01m[Kstd::istream {aka std::basic_istream<char>}[m[Kâ€™ is not derived from â€˜[01m[Kstd::basic_ostream<_CharT, _Traits>[m[Kâ€™
   cin << value << endl;
[01;32m[K          ^[m[K
In file included from [01m[K/usr/include/c++/5/iostream:39:0[m[K,
                 from [01m[K/opt/ros/kinetic/include/ros/time.h:54[m[K,
                 from [01m[K/opt/ros/kinetic/include/ros/ros.h:38[m[K,
                 from [01m[K/home/c2-05/ros_ws2/src/move_turtlesim/src/miniTest1.cpp:1[m[K:
[01m[K/usr/include/c++/5/ostream:574:5:[m[K [01;36m[Knote: [m[Kcandidate: template<class _Traits> std::basic_ostream<char, _Traits>& std::operator<<(std::basic_ostream<char, _Traits>&, const unsigned char*)
     operator<<(basic_ostream<char, _Traits>& __out, const unsigned char* __s)
[01;32m[K     ^[m[K
[01m[K/usr/include/c++/5/ostream:574:5:[m[K [01;36m[Knote: [m[K  template argument deduction/substitution failed:
[01m[K/home/c2-05/ros_ws2/src/move_turtlesim/src/miniTest1.cpp:186:10:[m[K [01;36m[Knote: [m[K  â€˜[01m[Kstd::istream {aka std::basic_istream<char>}[m[Kâ€™ is not derived from â€˜[01m[Kstd::basic_ostream<char, _Traits>[m[Kâ€™
   cin << value << endl;
[01;32m[K          ^[m[K
In file included from [01m[K/usr/include/c++/5/iostream:39:0[m[K,
                 from [01m[K/opt/ros/kinetic/include/ros/time.h:54[m[K,
                 from [01m[K/opt/ros/kinetic/include/ros/ros.h:38[m[K,
                 from [01m[K/home/c2-05/ros_ws2/src/move_turtlesim/src/miniTest1.cpp:1[m[K:
[01m[K/usr/include/c++/5/ostream:569:5:[m[K [01;36m[Knote: [m[Kcandidate: template<class _Traits> std::basic_ostream<char, _Traits>& std::operator<<(std::basic_ostream<char, _Traits>&, const signed char*)
     operator<<(basic_ostream<char, _Traits>& __out, const signed char* __s)
[01;32m[K     ^[m[K
[01m[K/usr/include/c++/5/ostream:569:5:[m[K [01;36m[Knote: [m[K  template argument deduction/substitution failed:
[01m[K/home/c2-05/ros_ws2/src/move_turtlesim/src/miniTest1.cpp:186:10:[m[K [01;36m[Knote: [m[K  â€˜[01m[Kstd::istream {aka std::basic_istream<char>}[m[Kâ€™ is not derived from â€˜[01m[Kstd::basic_ostream<char, _Traits>[m[Kâ€™
   cin << value << endl;
[01;32m[K          ^[m[K
In file included from [01m[K/usr/include/c++/5/iostream:39:0[m[K,
                 from [01m[K/opt/ros/kinetic/include/ros/time.h:54[m[K,
                 from [01m[K/opt/ros/kinetic/include/ros/ros.h:38[m[K,
                 from [01m[K/home/c2-05/ros_ws2/src/move_turtlesim/src/miniTest1.cpp:1[m[K:
[01m[K/usr/include/c++/5/ostream:556:5:[m[K [01;36m[Knote: [m[Kcandidate: template<class _Traits> std::basic_ostream<char, _Traits>& std::operator<<(std::basic_ostream<char, _Traits>&, const char*)
     operator<<(basic_ostream<char, _Traits>& __out, const char* __s)
[01;32m[K     ^[m[K
[01m[K/usr/include/c++/5/ostream:556:5:[m[K [01;36m[Knote: [m[K  template argument deduction/substitution failed:
[01m[K/home/c2-05/ros_ws2/src/move_turtlesim/src/miniTest1.cpp:186:10:[m[K [01;36m[Knote: [m[K  â€˜[01m[Kstd::istream {aka std::basic_istream<char>}[m[Kâ€™ is not derived from â€˜[01m[Kstd::basic_ostream<char, _Traits>[m[Kâ€™
   cin << value << endl;
[01;32m[K          ^[m[K
In file included from [01m[K/usr/include/c++/5/ostream:638:0[m[K,
                 from [01m[K/usr/include/c++/5/iostream:39[m[K,
                 from [01m[K/opt/ros/kinetic/include/ros/time.h:54[m[K,
                 from [01m[K/opt/ros/kinetic/include/ros/ros.h:38[m[K,
                 from [01m[K/home/c2-05/ros_ws2/src/move_turtlesim/src/miniTest1.cpp:1[m[K:
[01m[K/usr/include/c++/5/bits/ostream.tcc:321:5:[m[K [01;36m[Knote: [m[Kcandidate: template<class _CharT, class _Traits> std::basic_ostream<_CharT, _Traits>& std::operator<<(std::basic_ostream<_CharT, _Traits>&, const char*)
     operator<<(basic_ostream<_CharT, _Traits>& __out, const char* __s)
[01;32m[K     ^[m[K
[01m[K/usr/include/c++/5/bits/ostream.tcc:321:5:[m[K [01;36m[Knote: [m[K  template argument deduction/substitution failed:
[01m[K/home/c2-05/ros_ws2/src/move_turtlesim/src/miniTest1.cpp:186:10:[m[K [01;36m[Knote: [m[K  â€˜[01m[Kstd::istream {aka std::basic_istream<char>}[m[Kâ€™ is not derived from â€˜[01m[Kstd::basic_ostream<_CharT, _Traits>[m[Kâ€™
   cin << value << endl;
[01;32m[K          ^[m[K
In file included from [01m[K/usr/include/c++/5/iostream:39:0[m[K,
                 from [01m[K/opt/ros/kinetic/include/ros/time.h:54[m[K,
                 from [01m[K/opt/ros/kinetic/include/ros/ros.h:38[m[K,
                 from [01m[K/home/c2-05/ros_ws2/src/move_turtlesim/src/miniTest1.cpp:1[m[K:
[01m[K/usr/include/c++/5/ostream:539:5:[m[K [01;36m[Knote: [m[Kcandidate: template<class _CharT, class _Traits> std::basic_ostream<_CharT, _Traits>& std::operator<<(std::basic_ostream<_CharT, _Traits>&, const _CharT*)
     operator<<(basic_ostream<_CharT, _Traits>& __out, const _CharT* __s)
[01;32m[K     ^[m[K
[01m[K/usr/include/c++/5/ostream:539:5:[m[K [01;36m[Knote: [m[K  template argument deduction/substitution failed:
[01m[K/home/c2-05/ros_ws2/src/move_turtlesim/src/miniTest1.cpp:186:10:[m[K [01;36m[Knote: [m[K  â€˜[01m[Kstd::istream {aka std::basic_istream<char>}[m[Kâ€™ is not derived from â€˜[01m[Kstd::basic_ostream<_CharT, _Traits>[m[Kâ€™
   cin << value << endl;
[01;32m[K          ^[m[K
In file included from [01m[K/usr/include/c++/5/iostream:39:0[m[K,
                 from [01m[K/opt/ros/kinetic/include/ros/time.h:54[m[K,
                 from [01m[K/opt/ros/kinetic/include/ros/ros.h:38[m[K,
                 from [01m[K/home/c2-05/ros_ws2/src/move_turtlesim/src/miniTest1.cpp:1[m[K:
[01m[K/usr/include/c++/5/ostream:519:5:[m[K [01;36m[Knote: [m[Kcandidate: template<class _Traits> std::basic_ostream<char, _Traits>& std::operator<<(std::basic_ostream<char, _Traits>&, unsigned char)
     operator<<(basic_ostream<char, _Traits>& __out, unsigned char __c)
[01;32m[K     ^[m[K
[01m[K/usr/include/c++/5/ostream:519:5:[m[K [01;36m[Knote: [m[K  template argument deduction/substitution failed:
[01m[K/home/c2-05/ros_ws2/src/move_turtlesim/src/miniTest1.cpp:186:10:[m[K [01;36m[Knote: [m[K  â€˜[01m[Kstd::istream {aka std::basic_istream<char>}[m[Kâ€™ is not derived from â€˜[01m[Kstd::basic_ostream<char, _Traits>[m[Kâ€™
   cin << value << endl;
[01;32m[K          ^[m[K
In file included from [01m[K/usr/include/c++/5/iostream:39:0[m[K,
                 from [01m[K/opt/ros/kinetic/include/ros/time.h:54[m[K,
                 from [01m[K/opt/ros/kinetic/include/ros/ros.h:38[m[K,
                 from [01m[K/home/c2-05/ros_ws2/src/move_turtlesim/src/miniTest1.cpp:1[m[K:
[01m[K/usr/include/c++/5/ostream:514:5:[m[K [01;36m[Knote: [m[Kcandidate: template<class _Traits> std::basic_ostream<char, _Traits>& std::operator<<(std::basic_ostream<char, _Traits>&, signed char)
     operator<<(basic_ostream<char, _Traits>& __out, signed char __c)
[01;32m[K     ^[m[K
[01m[K/usr/include/c++/5/ostream:514:5:[m[K [01;36m[Knote: [m[K  template argument deduction/substitution failed:
[01m[K/home/c2-05/ros_ws2/src/move_turtlesim/src/miniTest1.cpp:186:10:[m[K [01;36m[Knote: [m[K  â€˜[01m[Kstd::istream {aka std::basic_istream<char>}[m[Kâ€™ is not derived from â€˜[01m[Kstd::basic_ostream<char, _Traits>[m[Kâ€™
   cin << value << endl;
[01;32m[K          ^[m[K
In file included from [01m[K/usr/include/c++/5/iostream:39:0[m[K,
                 from [01m[K/opt/ros/kinetic/include/ros/time.h:54[m[K,
                 from [01m[K/opt/ros/kinetic/include/ros/ros.h:38[m[K,
                 from [01m[K/home/c2-05/ros_ws2/src/move_turtlesim/src/miniTest1.cpp:1[m[K:
[01m[K/usr/include/c++/5/ostream:508:5:[m[K [01;36m[Knote: [m[Kcandidate: template<class _Traits> std::basic_ostream<char, _Traits>& std::operator<<(std::basic_ostream<char, _Traits>&, char)
     operator<<(basic_ostream<char, _Traits>& __out, char __c)
[01;32m[K     ^[m[K
[01m[K/usr/include/c++/5/ostream:508:5:[m[K [01;36m[Knote: [m[K  template argument deduction/substitution failed:
[01m[K/home/c2-05/ros_ws2/src/move_turtlesim/src/miniTest1.cpp:186:10:[m[K [01;36m[Knote: [m[K  â€˜[01m[Kstd::istream {aka std::basic_istream<char>}[m[Kâ€™ is not derived from â€˜[01m[Kstd::basic_ostream<char, _Traits>[m[Kâ€™
   cin << value << endl;
[01;32m[K          ^[m[K
In file included from [01m[K/usr/include/c++/5/iostream:39:0[m[K,
                 from [01m[K/opt/ros/kinetic/include/ros/time.h:54[m[K,
                 from [01m[K/opt/ros/kinetic/include/ros/ros.h:38[m[K,
                 from [01m[K/home/c2-05/ros_ws2/src/move_turtlesim/src/miniTest1.cpp:1[m[K:
[01m[K/usr/include/c++/5/ostream:502:5:[m[K [01;36m[Knote: [m[Kcandidate: template<class _CharT, class _Traits> std::basic_ostream<_CharT, _Traits>& std::operator<<(std::basic_ostream<_CharT, _Traits>&, char)
     operator<<(basic_ostream<_CharT, _Traits>& __out, char __c)
[01;32m[K     ^[m[K
[01m[K/usr/include/c++/5/ostream:502:5:[m[K [01;36m[Knote: [m[K  template argument deduction/substitution failed:
[01m[K/home/c2-05/ros_ws2/src/move_turtlesim/src/miniTest1.cpp:186:10:[m[K [01;36m[Knote: [m[K  â€˜[01m[Kstd::istream {aka std::basic_istream<char>}[m[Kâ€™ is not derived from â€˜[01m[Kstd::basic_ostream<_CharT, _Traits>[m[Kâ€™
   cin << value << endl;
[01;32m[K          ^[m[K
In file included from [01m[K/usr/include/c++/5/iostream:39:0[m[K,
                 from [01m[K/opt/ros/kinetic/include/ros/time.h:54[m[K,
                 from [01m[K/opt/ros/kinetic/include/ros/ros.h:38[m[K,
                 from [01m[K/home/c2-05/ros_ws2/src/move_turtlesim/src/miniTest1.cpp:1[m[K:
[01m[K/usr/include/c++/5/ostream:497:5:[m[K [01;36m[Knote: [m[Kcandidate: template<class _CharT, class _Traits> std::basic_ostream<_CharT, _Traits>& std::operator<<(std::basic_ostream<_CharT, _Traits>&, _CharT)
     operator<<(basic_ostream<_CharT, _Traits>& __out, _CharT __c)
[01;32m[K     ^[m[K
[01m[K/usr/include/c++/5/ostream:497:5:[m[K [01;36m[Knote: [m[K  template argument deduction/substitution failed:
[01m[K/home/c2-05/ros_ws2/src/move_turtlesim/src/miniTest1.cpp:186:10:[m[K [01;36m[Knote: [m[K  â€˜[01m[Kstd::istream {aka std::basic_istream<char>}[m[Kâ€™ is not derived from â€˜[01m[Kstd::basic_ostream<_CharT, _Traits>[m[Kâ€™
   cin << value << endl;
[01;32m[K          ^[m[K
In file included from [01m[K/usr/include/c++/5/string:52:0[m[K,
                 from [01m[K/opt/ros/kinetic/include/ros/platform.h:55[m[K,
                 from [01m[K/opt/ros/kinetic/include/ros/time.h:53[m[K,
                 from [01m[K/opt/ros/kinetic/include/ros/ros.h:38[m[K,
                 from [01m[K/home/c2-05/ros_ws2/src/move_turtlesim/src/miniTest1.cpp:1[m[K:
[01m[K/usr/include/c++/5/bits/basic_string.h:5172:5:[m[K [01;36m[Knote: [m[Kcandidate: template<class _CharT, class _Traits, class _Alloc> std::basic_ostream<_CharT, _Traits>& std::operator<<(std::basic_ostream<_CharT, _Traits>&, const std::__cxx11::basic_string<_CharT, _Traits, _Alloc>&)
     operator<<(basic_ostream<_CharT, _Traits>& __os,
[01;32m[K     ^[m[K
[01m[K/usr/include/c++/5/bits/basic_string.h:5172:5:[m[K [01;36m[Knote: [m[K  template argument deduction/substitution failed:
[01m[K/home/c2-05/ros_ws2/src/move_turtlesim/src/miniTest1.cpp:186:10:[m[K [01;36m[Knote: [m[K  â€˜[01m[Kstd::istream {aka std::basic_istream<char>}[m[Kâ€™ is not derived from â€˜[01m[Kstd::basic_ostream<_CharT, _Traits>[m[Kâ€™
   cin << value << endl;
[01;32m[K          ^[m[K
make[2]: *** [CMakeFiles/miniTest1.dir/src/miniTest1.cpp.o] Error 1
make[1]: *** [CMakeFiles/miniTest1.dir/all] Error 2
make: *** [all] Error 2
