[01m[K/home/c2-05/ros_ws2/src/move_turtlesim/src/miniTest2.cpp:[m[K In function â€˜[01m[Kint main(int, char**)[m[Kâ€™:
[01m[K/home/c2-05/ros_ws2/src/move_turtlesim/src/miniTest2.cpp:124:15:[m[K [01;31m[Kerror: [m[Kâ€˜[01m[KbothWay[m[Kâ€™ was not declared in this scope
       bothWay();
[01;32m[K               ^[m[K
make[2]: *** [CMakeFiles/miniTest2.dir/src/miniTest2.cpp.o] Error 1
make[1]: *** [CMakeFiles/miniTest2.dir/all] Error 2
make: *** [all] Error 2
