[01m[K/home/c2-05/ros_ws2/src/move_turtlesim/src/miniTest1.cpp:[m[K In function â€˜[01m[Kvoid randfunc()[m[Kâ€™:
[01m[K/home/c2-05/ros_ws2/src/move_turtlesim/src/miniTest1.cpp:44:49:[m[K [01;31m[Kerror: [m[Kexpected â€˜[01m[K)[m[Kâ€™ before â€˜[01m[K{[m[Kâ€™ token
     if (realposx+posx<1.5&&realposx+posx>(-1.5) {          //  ##   ##
[01;32m[K                                                 ^[m[K
[01m[K/home/c2-05/ros_ws2/src/move_turtlesim/src/miniTest1.cpp:61:3:[m[K [01;31m[Kerror: [m[Kexpected primary-expression before â€˜[01m[K}[m[Kâ€™ token
   }
[01;32m[K   ^[m[K
make[2]: *** [CMakeFiles/miniTest1.dir/src/miniTest1.cpp.o] Error 1
make[1]: *** [CMakeFiles/miniTest1.dir/all] Error 2
make: *** [all] Error 2
