[01m[K/home/c2-05/ros_ws2/src/move_turtlesim/src/miniTest1.cpp:[m[K In function â€˜[01m[Kvoid rand2func()[m[Kâ€™:
[01m[K/home/c2-05/ros_ws2/src/move_turtlesim/src/miniTest1.cpp:97:29:[m[K [01;31m[Kerror: [m[Kâ€˜[01m[Krandvel2[m[Kâ€™ was not declared in this scope
       ahead = -1.5*randvel2();
[01;32m[K                             ^[m[K
[01m[K/home/c2-05/ros_ws2/src/move_turtlesim/src/miniTest1.cpp:[m[K In function â€˜[01m[Kvoid bothWay()[m[Kâ€™:
[01m[K/home/c2-05/ros_ws2/src/move_turtlesim/src/miniTest1.cpp:144:31:[m[K [01;31m[Kerror: [m[Kâ€˜[01m[Krandvel2[m[Kâ€™ was not declared in this scope
         ahead = -1.5*randvel2();
[01;32m[K                               ^[m[K
make[2]: *** [CMakeFiles/miniTest1.dir/src/miniTest1.cpp.o] Error 1
make[1]: *** [CMakeFiles/miniTest1.dir/all] Error 2
make: *** [all] Error 2
